<?xml version="1.0" encoding="UTF-8"?>
<!-- Generated by org.testng.reporters.JUnitXMLReporter -->
<testsuite hostname="DESKTOP-I6TKHMQ" ignored="9" name="Test" tests="10" failures="5" timestamp="29 Apr 2021 13:04:23 GMT" time="1223.584" errors="0">
  <testcase name="bill_service" time="48.165" classname="com.qa.cxplite.tests.createbillservicetest"/>
  <testcase name="validatelogin" time="63.581" classname="com.qa.cxplite.tests.cxpLoginTest"/>
  <testcase name="validatehomepage" time="18.805" classname="com.qa.cxplite.tests.ValidateHomePageTest"/>
  <testcase name="validateCreateCustomer" time="50.749" classname="com.qa.cxplite.tests.cxpCreateCustomerTest">
    <failure type="java.lang.AssertionError" message="expected [true] but found [false]">
      <![CDATA[java.lang.AssertionError: expected [true] but found [false]
	at com.qa.cxplite.tests.cxpCreateCustomerTest.validateCreateCustomer(cxpCreateCustomerTest.java:36)
... Removed 29 stack frames]]>
    </failure>
  </testcase> <!-- validateCreateCustomer -->
  <testcase name="validateCreateEvent" time="50.837" classname="com.qa.cxplite.tests.CreateEventTest">
    <failure type="java.lang.AssertionError" message="expected [true] but found [false]">
      <![CDATA[java.lang.AssertionError: expected [true] but found [false]
	at com.qa.cxplite.tests.CreateEventTest.validateCreateEvent(CreateEventTest.java:42)
... Removed 29 stack frames]]>
    </failure>
  </testcase> <!-- validateCreateEvent -->
  <testcase name="serachEventTest" time="24.768" classname="com.qa.cxplite.tests.CreateEventTest"/>
  <testcase name="validateCreateEstimates" time="55.981" classname="com.qa.cxplite.tests.CreateEstimateTest">
    <failure type="java.lang.AssertionError" message="expected [true] but found [false]">
      <![CDATA[java.lang.AssertionError: expected [true] but found [false]
	at com.qa.cxplite.tests.CreateEstimateTest.validateCreateEstimates(CreateEstimateTest.java:41)
... Removed 29 stack frames]]>
    </failure>
  </testcase> <!-- validateCreateEstimates -->
  <testcase name="eventnumberSearch" time="12.917" classname="com.qa.cxplite.tests.CreateEventOrderTest">
    <failure type="org.openqa.selenium.ElementNotInteractableException" message="element not interactable
  (Session info: chrome=90.0.4430.93)
Build info: version: &amp;apos;3.141.59&amp;apos;, revision: &amp;apos;e82be7d358&amp;apos;, time: &amp;apos;2018-11-14T08:17:03&amp;apos;
System info: host: &amp;apos;DESKTOP-I6TKHMQ&amp;apos;, ip: &amp;apos;192.168.1.100&amp;apos;, os.name: &amp;apos;Windows 10&amp;apos;, os.arch: &amp;apos;amd64&amp;apos;, os.version: &amp;apos;10.0&amp;apos;, java.version: &amp;apos;1.8.0_281&amp;apos;
Driver info: org.openqa.selenium.chrome.ChromeDriver
Capabilities {acceptInsecureCerts: false, browserName: chrome, browserVersion: 90.0.4430.93, chrome: {chromedriverVersion: 90.0.4430.24 (4c6d850f087da..., userDataDir: C:\Users\kalyan kadali\AppD...}, goog:chromeOptions: {debuggerAddress: localhost:61717}, javascriptEnabled: true, networkConnectionEnabled: false, pageLoadStrategy: normal, platform: WINDOWS, platformName: WINDOWS, proxy: Proxy(), setWindowRect: true, strictFileInteractability: false, timeouts: {implicit: 0, pageLoad: 300000, script: 30000}, unhandledPromptBehavior: dismiss and notify, webauthn:extension:largeBlob: true, webauthn:virtualAuthenticators: true}
Session ID: ce15acd81b205a406d8da063d00f8dd1">
      <![CDATA[org.openqa.selenium.ElementNotInteractableException: element not interactable
  (Session info: chrome=90.0.4430.93)
Build info: version: '3.141.59', revision: 'e82be7d358', time: '2018-11-14T08:17:03'
System info: host: 'DESKTOP-I6TKHMQ', ip: '192.168.1.100', os.name: 'Windows 10', os.arch: 'amd64', os.version: '10.0', java.version: '1.8.0_281'
Driver info: org.openqa.selenium.chrome.ChromeDriver
Capabilities {acceptInsecureCerts: false, browserName: chrome, browserVersion: 90.0.4430.93, chrome: {chromedriverVersion: 90.0.4430.24 (4c6d850f087da..., userDataDir: C:\Users\kalyan kadali\AppD...}, goog:chromeOptions: {debuggerAddress: localhost:61717}, javascriptEnabled: true, networkConnectionEnabled: false, pageLoadStrategy: normal, platform: WINDOWS, platformName: WINDOWS, proxy: Proxy(), setWindowRect: true, strictFileInteractability: false, timeouts: {implicit: 0, pageLoad: 300000, script: 30000}, unhandledPromptBehavior: dismiss and notify, webauthn:extension:largeBlob: true, webauthn:virtualAuthenticators: true}
Session ID: ce15acd81b205a406d8da063d00f8dd1
	at org.openqa.selenium.remote.http.W3CHttpResponseCodec.createException(W3CHttpResponseCodec.java:187)
	at org.openqa.selenium.remote.http.W3CHttpResponseCodec.decode(W3CHttpResponseCodec.java:122)
	at org.openqa.selenium.remote.http.W3CHttpResponseCodec.decode(W3CHttpResponseCodec.java:49)
	at org.openqa.selenium.remote.HttpCommandExecutor.execute(HttpCommandExecutor.java:158)
	at org.openqa.selenium.remote.service.DriverCommandExecutor.execute(DriverCommandExecutor.java:83)
	at org.openqa.selenium.remote.RemoteWebDriver.execute(RemoteWebDriver.java:552)
	at org.openqa.selenium.remote.RemoteWebElement.execute(RemoteWebElement.java:285)
	at org.openqa.selenium.remote.RemoteWebElement.sendKeys(RemoteWebElement.java:106)
	at org.openqa.selenium.support.pagefactory.internal.LocatingElementHandler.invoke(LocatingElementHandler.java:51)
	at com.sun.proxy.$Proxy12.sendKeys(Unknown Source)
	at com.qa.cxplite.tests.CreateEventOrderTest.eventnumberSearch(CreateEventOrderTest.java:51)
... Removed 33 stack frames]]>
    </failure>
  </testcase> <!-- eventnumberSearch -->
  <testcase name="add_menu" time="448.091" classname="com.qa.cxplite.tests.CreateEventOrderTest">
    <failure type="org.openqa.selenium.TimeoutException" message="Expected condition failed: waiting for visibility of [[ChromeDriver: chrome on WINDOWS (ce15acd81b205a406d8da063d00f8dd1)] -&amp;gt; xpath: //button[@id=&amp;apos;btnAddClose&amp;apos;]] (tried for 30 second(s) with 500 milliseconds interval)
Build info: version: &amp;apos;3.141.59&amp;apos;, revision: &amp;apos;e82be7d358&amp;apos;, time: &amp;apos;2018-11-14T08:17:03&amp;apos;
System info: host: &amp;apos;DESKTOP-I6TKHMQ&amp;apos;, ip: &amp;apos;192.168.1.100&amp;apos;, os.name: &amp;apos;Windows 10&amp;apos;, os.arch: &amp;apos;amd64&amp;apos;, os.version: &amp;apos;10.0&amp;apos;, java.version: &amp;apos;1.8.0_281&amp;apos;
Driver info: org.openqa.selenium.chrome.ChromeDriver
Capabilities {acceptInsecureCerts: false, browserName: chrome, browserVersion: 90.0.4430.93, chrome: {chromedriverVersion: 90.0.4430.24 (4c6d850f087da..., userDataDir: C:\Users\kalyan kadali\AppD...}, goog:chromeOptions: {debuggerAddress: localhost:61717}, javascriptEnabled: true, networkConnectionEnabled: false, pageLoadStrategy: normal, platform: WINDOWS, platformName: WINDOWS, proxy: Proxy(), setWindowRect: true, strictFileInteractability: false, timeouts: {implicit: 0, pageLoad: 300000, script: 30000}, unhandledPromptBehavior: dismiss and notify, webauthn:extension:largeBlob: true, webauthn:virtualAuthenticators: true}
Session ID: ce15acd81b205a406d8da063d00f8dd1">
      <![CDATA[org.openqa.selenium.TimeoutException: Expected condition failed: waiting for visibility of [[ChromeDriver: chrome on WINDOWS (ce15acd81b205a406d8da063d00f8dd1)] -> xpath: //button[@id='btnAddClose']] (tried for 30 second(s) with 500 milliseconds interval)
Build info: version: '3.141.59', revision: 'e82be7d358', time: '2018-11-14T08:17:03'
System info: host: 'DESKTOP-I6TKHMQ', ip: '192.168.1.100', os.name: 'Windows 10', os.arch: 'amd64', os.version: '10.0', java.version: '1.8.0_281'
Driver info: org.openqa.selenium.chrome.ChromeDriver
Capabilities {acceptInsecureCerts: false, browserName: chrome, browserVersion: 90.0.4430.93, chrome: {chromedriverVersion: 90.0.4430.24 (4c6d850f087da..., userDataDir: C:\Users\kalyan kadali\AppD...}, goog:chromeOptions: {debuggerAddress: localhost:61717}, javascriptEnabled: true, networkConnectionEnabled: false, pageLoadStrategy: normal, platform: WINDOWS, platformName: WINDOWS, proxy: Proxy(), setWindowRect: true, strictFileInteractability: false, timeouts: {implicit: 0, pageLoad: 300000, script: 30000}, unhandledPromptBehavior: dismiss and notify, webauthn:extension:largeBlob: true, webauthn:virtualAuthenticators: true}
Session ID: ce15acd81b205a406d8da063d00f8dd1
	at org.openqa.selenium.support.ui.WebDriverWait.timeoutException(WebDriverWait.java:95)
	at org.openqa.selenium.support.ui.FluentWait.until(FluentWait.java:272)
	at com.qa.cxplite.pages.CreateEventOrder.add_combo(CreateEventOrder.java:468)
	at com.qa.cxplite.tests.CreateEventOrderTest.add_menu(CreateEventOrderTest.java:80)
... Removed 25 stack frames]]>
    </failure>
  </testcase> <!-- add_menu -->
  <testcase name="changerequest" time="2.259" classname="com.qa.cxplite.tests.cxplite_changerequestTest"/>
  <testcase name="@BeforeTest initialization" time="0.0" classname="com.qa.cxplite.utils.TestBase1">
    <ignored/>
  </testcase> <!-- @BeforeTest initialization -->
  <testcase name="@BeforeTest initialization" time="0.0" classname="com.qa.cxplite.utils.TestBase1">
    <ignored/>
  </testcase> <!-- @BeforeTest initialization -->
  <testcase name="@BeforeTest initialization" time="0.0" classname="com.qa.cxplite.utils.TestBase1">
    <ignored/>
  </testcase> <!-- @BeforeTest initialization -->
  <testcase name="@BeforeTest initialization" time="0.0" classname="com.qa.cxplite.utils.TestBase1">
    <ignored/>
  </testcase> <!-- @BeforeTest initialization -->
  <testcase name="@BeforeTest initialization" time="0.0" classname="com.qa.cxplite.utils.TestBase1">
    <ignored/>
  </testcase> <!-- @BeforeTest initialization -->
  <testcase name="@BeforeTest initialization" time="0.0" classname="com.qa.cxplite.utils.TestBase1">
    <ignored/>
  </testcase> <!-- @BeforeTest initialization -->
  <testcase name="@BeforeTest initialization" time="0.0" classname="com.qa.cxplite.utils.TestBase1">
    <ignored/>
  </testcase> <!-- @BeforeTest initialization -->
  <testcase name="@BeforeTest initialization" time="0.0" classname="com.qa.cxplite.utils.TestBase1">
    <ignored/>
  </testcase> <!-- @BeforeTest initialization -->
  <testcase name="@BeforeTest initialization" time="0.0" classname="com.qa.cxplite.utils.TestBase1">
    <ignored/>
  </testcase> <!-- @BeforeTest initialization -->
</testsuite> <!-- Test -->
