<html>
<head>
<title>TestNG:  Test</title>
<link href="../testng.css" rel="stylesheet" type="text/css" />
<link href="../my-testng.css" rel="stylesheet" type="text/css" />

<style type="text/css">
.log { display: none;} 
.stack-trace { display: none;} 
</style>
<script type="text/javascript">
<!--
function flip(e) {
  current = e.style.display;
  if (current == 'block') {
    e.style.display = 'none';
    return 0;
  }
  else {
    e.style.display = 'block';
    return 1;
  }
}

function toggleBox(szDivId, elem, msg1, msg2)
{
  var res = -1;  if (document.getElementById) {
    res = flip(document.getElementById(szDivId));
  }
  else if (document.all) {
    // this is the way old msie versions work
    res = flip(document.all[szDivId]);
  }
  if(elem) {
    if(res == 0) elem.innerHTML = msg1; else elem.innerHTML = msg2;
  }

}

function toggleAllBoxes() {
  if (document.getElementsByTagName) {
    d = document.getElementsByTagName('div');
    for (i = 0; i < d.length; i++) {
      if (d[i].className == 'log') {
        flip(d[i]);
      }
    }
  }
}

// -->
</script>

</head>
<body>
<h2 align='center'>Test</h2><table border='1' align="center">
<tr>
<td>Tests passed/Failed/Skipped:</td><td>8/1/0</td>
</tr><tr>
<td>Started on:</td><td>Mon May 24 20:37:45 IST 2021</td>
</tr>
<tr><td>Total time:</td><td>401 seconds (401498 ms)</td>
</tr><tr>
<td>Included groups:</td><td></td>
</tr><tr>
<td>Excluded groups:</td><td></td>
</tr>
</table><p/>
<small><i>(Hover the method name to see the test class name)</i></small><p/>
<table width='100%' border='1' class='invocation-failed'>
<tr><td colspan='4' align='center'><b>FAILED TESTS</b></td></tr>
<tr><td><b>Test method</b></td>
<td width="30%"><b>Exception</b></td>
<td width="10%"><b>Time (seconds)</b></td>
<td><b>Instance</b></td>
</tr>
<tr>
<td title='com.qa.cxplite.tests.CreateEstimateTest.validateCreateEstimates()'><b>validateCreateEstimates</b><br>Test class: com.qa.cxplite.tests.CreateEstimateTest<br>Parameters: 11, 12, 13, 14, 15, 16, 17.0, 18.0</td>
<td><div><pre>java.lang.AssertionError: expected [true] but found [false]
	at com.qa.cxplite.tests.CreateEstimateTest.validateCreateEstimates(CreateEstimateTest.java:41)
	at java.base/java.util.ArrayList.forEach(ArrayList.java:1511)
... Removed 31 stack frames</pre></div><a href='#' onClick='toggleBox("stack-trace1667232421", this, "Click to show all stack frames", "Click to hide stack frames")'>Click to show all stack frames</a>
<div class='stack-trace' id='stack-trace1667232421'><pre>java.lang.AssertionError: expected [true] but found [false]
	at org.testng.Assert.fail(Assert.java:99)
	at org.testng.Assert.failNotEquals(Assert.java:1037)
	at org.testng.Assert.assertTrue(Assert.java:45)
	at org.testng.Assert.assertTrue(Assert.java:55)
	at com.qa.cxplite.tests.CreateEstimateTest.validateCreateEstimates(CreateEstimateTest.java:41)
	at java.base/jdk.internal.reflect.NativeMethodAccessorImpl.invoke0(Native Method)
	at java.base/jdk.internal.reflect.NativeMethodAccessorImpl.invoke(NativeMethodAccessorImpl.java:64)
	at java.base/jdk.internal.reflect.DelegatingMethodAccessorImpl.invoke(DelegatingMethodAccessorImpl.java:43)
	at java.base/java.lang.reflect.Method.invoke(Method.java:564)
	at org.testng.internal.MethodInvocationHelper.invokeMethod(MethodInvocationHelper.java:132)
	at org.testng.internal.TestInvoker.invokeMethod(TestInvoker.java:599)
	at org.testng.internal.TestInvoker.invokeTestMethod(TestInvoker.java:174)
	at org.testng.internal.MethodRunner.runInSequence(MethodRunner.java:46)
	at org.testng.internal.TestInvoker$MethodInvocationAgent.invoke(TestInvoker.java:822)
	at org.testng.internal.TestInvoker.invokeTestMethods(TestInvoker.java:147)
	at org.testng.internal.TestMethodWorker.invokeTestMethods(TestMethodWorker.java:146)
	at org.testng.internal.TestMethodWorker.run(TestMethodWorker.java:128)
	at java.base/java.util.ArrayList.forEach(ArrayList.java:1511)
	at org.testng.TestRunner.privateRun(TestRunner.java:764)
	at org.testng.TestRunner.run(TestRunner.java:585)
	at org.testng.SuiteRunner.runTest(SuiteRunner.java:384)
	at org.testng.SuiteRunner.runSequentially(SuiteRunner.java:378)
	at org.testng.SuiteRunner.privateRun(SuiteRunner.java:337)
	at org.testng.SuiteRunner.run(SuiteRunner.java:286)
	at org.testng.SuiteRunnerWorker.runSuite(SuiteRunnerWorker.java:53)
	at org.testng.SuiteRunnerWorker.run(SuiteRunnerWorker.java:96)
	at org.testng.TestNG.runSuitesSequentially(TestNG.java:1218)
	at org.testng.TestNG.runSuitesLocally(TestNG.java:1140)
	at org.testng.TestNG.runSuites(TestNG.java:1069)
	at org.testng.TestNG.run(TestNG.java:1037)
	at org.testng.remote.AbstractRemoteTestNG.run(AbstractRemoteTestNG.java:115)
	at org.testng.remote.RemoteTestNG.initAndRun(RemoteTestNG.java:251)
	at org.testng.remote.RemoteTestNG.main(RemoteTestNG.java:77)
</pre></div></td>
<td>12</td>
<td>com.qa.cxplite.tests.CreateEstimateTest@7a362b6b</td></tr>
</table><p>
<table width='100%' border='1' class='invocation-passed'>
<tr><td colspan='4' align='center'><b>PASSED TESTS</b></td></tr>
<tr><td><b>Test method</b></td>
<td width="30%"><b>Exception</b></td>
<td width="10%"><b>Time (seconds)</b></td>
<td><b>Instance</b></td>
</tr>
<tr>
<td title='com.qa.cxplite.tests.CreateEventOrderTest.add_menu()'><b>add_menu</b><br>Test class: com.qa.cxplite.tests.CreateEventOrderTest<br>Parameters: 10.0, 11.0, 12.0, 13.0, 14.0, 15.0, 16.0</td>
<td></td>
<td>194</td>
<td>com.qa.cxplite.tests.CreateEventOrderTest@2bb3058</td></tr>
<tr>
<td title='com.qa.cxplite.tests.createbillservicetest.bill_service()'><b>bill_service</b><br>Test class: com.qa.cxplite.tests.createbillservicetest</td>
<td></td>
<td>4</td>
<td>com.qa.cxplite.tests.createbillservicetest@60df60da</td></tr>
<tr>
<td title='com.qa.cxplite.tests.CreateEventOrderTest.eventnumberSearch()'><b>eventnumberSearch</b><br>Test class: com.qa.cxplite.tests.CreateEventOrderTest<br>Parameters: 830794</td>
<td></td>
<td>15</td>
<td>com.qa.cxplite.tests.CreateEventOrderTest@2bb3058</td></tr>
<tr>
<td title='com.qa.cxplite.tests.CreateEventTest.serachEventTest()'><b>serachEventTest</b><br>Test class: com.qa.cxplite.tests.CreateEventTest<br>Parameters: 830794</td>
<td></td>
<td>8</td>
<td>com.qa.cxplite.tests.CreateEventTest@21337f7b</td></tr>
<tr>
<td title='com.qa.cxplite.tests.cxpCreateCustomerTest.validateCreateCustomer()'><b>validateCreateCustomer</b><br>Test class: com.qa.cxplite.tests.cxpCreateCustomerTest<br>Parameters: cutomerName.1203456789, Government, Customer_F, NA, Holiday, Friend, Building – 45, james, 300#, Washington, New York, 20004, 08812-228279, 9987620907, test@gmail.com, Comments, Directions, Test Bill Contact, Acc – 12134, Freeman, Beena, Con_F, Con_L</td>
<td></td>
<td>28</td>
<td>com.qa.cxplite.tests.cxpCreateCustomerTest@73cd37c0</td></tr>
<tr>
<td title='com.qa.cxplite.tests.CreateEventTest.validateCreateEvent()'><b>validateCreateEvent</b><br>Test class: com.qa.cxplite.tests.CreateEventTest<br>Parameters: cutomerName.1203456789, Freeman, Beena, 05/13/2021, 2:15 AM, 05/13/2021, 10:15 PM, School Order, Definite, Buffet Dinner, Corporate, Holiday, Disposables, 2.0, Not Applicable, 1.23456789E8, abc@abc.com</td>
<td></td>
<td>107</td>
<td>com.qa.cxplite.tests.CreateEventTest@21337f7b</td></tr>
<tr>
<td title='com.qa.cxplite.tests.ValidateHomePageTest.validatehomepage()'><b>validatehomepage</b><br>Test class: com.qa.cxplite.tests.ValidateHomePageTest</td>
<td></td>
<td>8</td>
<td>com.qa.cxplite.tests.ValidateHomePageTest@5505ae1a</td></tr>
<tr>
<td title='com.qa.cxplite.tests.cxpLoginTest.validatelogin()'><b>validatelogin</b><br>Test class: com.qa.cxplite.tests.cxpLoginTest<br>Parameters: ridgewellscat, superadmin, $uper20#CAT</td>
<td></td>
<td>9</td>
<td>com.qa.cxplite.tests.cxpLoginTest@416c58f5</td></tr>
</table><p>
</body>
</html>